[1.166s] Invoking command in '/home/ryosuke/ros2_ws/src/triple_dragon': PYTHONPATH=/home/ryosuke/ros2_ws/src/build/triple_dragon/prefix_override:/usr/lib/python3/dist-packages/colcon_core/task/python/colcon_distutils_commands:/home/ryosuke/ros2_ws/src/install/triple_dragon/lib/python3.10/site-packages:${PYTHONPATH} /usr/bin/python3 -W ignore:setup.py install is deprecated -W ignore:easy_install command is deprecated setup.py egg_info --egg-base ../build/triple_dragon build --build-base /home/ryosuke/ros2_ws/src/build/triple_dragon/build install --record /home/ryosuke/ros2_ws/src/build/triple_dragon/install.log --single-version-externally-managed install_data
[1.340s] running egg_info
[1.341s] creating ../build/triple_dragon/triple_dragon.egg-info
[1.341s] writing ../build/triple_dragon/triple_dragon.egg-info/PKG-INFO
[1.341s] writing dependency_links to ../build/triple_dragon/triple_dragon.egg-info/dependency_links.txt
[1.341s] writing entry points to ../build/triple_dragon/triple_dragon.egg-info/entry_points.txt
[1.341s] writing requirements to ../build/triple_dragon/triple_dragon.egg-info/requires.txt
[1.341s] writing top-level names to ../build/triple_dragon/triple_dragon.egg-info/top_level.txt
[1.341s] writing manifest file '../build/triple_dragon/triple_dragon.egg-info/SOURCES.txt'
[1.342s] reading manifest file '../build/triple_dragon/triple_dragon.egg-info/SOURCES.txt'
[1.342s] writing manifest file '../build/triple_dragon/triple_dragon.egg-info/SOURCES.txt'
[1.342s] running build
[1.342s] running build_py
[1.342s] creating /home/ryosuke/ros2_ws/src/build/triple_dragon/build
[1.342s] creating /home/ryosuke/ros2_ws/src/build/triple_dragon/build/lib
[1.342s] creating /home/ryosuke/ros2_ws/src/build/triple_dragon/build/lib/triple_dragon
[1.343s] copying triple_dragon/run.py -> /home/ryosuke/ros2_ws/src/build/triple_dragon/build/lib/triple_dragon
[1.343s] copying triple_dragon/__init__.py -> /home/ryosuke/ros2_ws/src/build/triple_dragon/build/lib/triple_dragon
[1.343s] running install
[1.343s] running install_lib
[1.343s] creating /home/ryosuke/ros2_ws/src/install/triple_dragon/lib/python3.10/site-packages/triple_dragon
[1.343s] copying /home/ryosuke/ros2_ws/src/build/triple_dragon/build/lib/triple_dragon/run.py -> /home/ryosuke/ros2_ws/src/install/triple_dragon/lib/python3.10/site-packages/triple_dragon
[1.343s] copying /home/ryosuke/ros2_ws/src/build/triple_dragon/build/lib/triple_dragon/__init__.py -> /home/ryosuke/ros2_ws/src/install/triple_dragon/lib/python3.10/site-packages/triple_dragon
[1.344s] byte-compiling /home/ryosuke/ros2_ws/src/install/triple_dragon/lib/python3.10/site-packages/triple_dragon/run.py to run.cpython-310.pyc
[1.344s] byte-compiling /home/ryosuke/ros2_ws/src/install/triple_dragon/lib/python3.10/site-packages/triple_dragon/__init__.py to __init__.cpython-310.pyc
[1.344s] running install_data
[1.344s] creating /home/ryosuke/ros2_ws/src/install/triple_dragon/share/ament_index
[1.344s] creating /home/ryosuke/ros2_ws/src/install/triple_dragon/share/ament_index/resource_index
[1.344s] creating /home/ryosuke/ros2_ws/src/install/triple_dragon/share/ament_index/resource_index/packages
[1.344s] error: can't copy 'resource/triple_dragon': doesn't exist or not a regular file
[1.389s] Invoked command in '/home/ryosuke/ros2_ws/src/triple_dragon' returned '1': PYTHONPATH=/home/ryosuke/ros2_ws/src/build/triple_dragon/prefix_override:/usr/lib/python3/dist-packages/colcon_core/task/python/colcon_distutils_commands:/home/ryosuke/ros2_ws/src/install/triple_dragon/lib/python3.10/site-packages:${PYTHONPATH} /usr/bin/python3 -W ignore:setup.py install is deprecated -W ignore:easy_install command is deprecated setup.py egg_info --egg-base ../build/triple_dragon build --build-base /home/ryosuke/ros2_ws/src/build/triple_dragon/build install --record /home/ryosuke/ros2_ws/src/build/triple_dragon/install.log --single-version-externally-managed install_data
