[0.034s] Invoking command in '/home/ryosuke/ros2_ws/src/build/micro_ros_msgs': CMAKE_PREFIX_PATH=${CMAKE_PREFIX_PATH}:/home/ryosuke/ros2_ws/install/self_area_publish:/home/ryosuke/ros2_ws/install/jetracer_run:/home/ryosuke/ros2_ws/install/kalmanfilter:/opt/ros/humble /usr/bin/cmake --build /home/ryosuke/ros2_ws/src/build/micro_ros_msgs -- -j16 -l16
[0.785s] [  2%] [34m[1mGenerating C code for ROS interfaces[0m
[0.785s] [  4%] [34m[1mGenerating C++ code for ROS interfaces[0m
[0.785s] [  4%] Built target ament_cmake_python_copy_micro_ros_msgs
[0.786s] running egg_info
[0.786s] creating micro_ros_msgs.egg-info
[0.786s] writing micro_ros_msgs.egg-info/PKG-INFO
[0.786s] writing dependency_links to micro_ros_msgs.egg-info/dependency_links.txt
[0.786s] writing top-level names to micro_ros_msgs.egg-info/top_level.txt
[0.786s] writing manifest file 'micro_ros_msgs.egg-info/SOURCES.txt'
[0.786s] reading manifest file 'micro_ros_msgs.egg-info/SOURCES.txt'
[0.786s] writing manifest file 'micro_ros_msgs.egg-info/SOURCES.txt'
[0.786s] [  4%] Built target ament_cmake_python_build_micro_ros_msgs_egg
[0.786s] [  8%] [32mBuilding C object CMakeFiles/micro_ros_msgs__rosidl_generator_c.dir/rosidl_generator_c/micro_ros_msgs/msg/detail/entity__functions.c.o[0m
[0.786s] [  8%] [32mBuilding C object CMakeFiles/micro_ros_msgs__rosidl_generator_c.dir/rosidl_generator_c/micro_ros_msgs/msg/detail/node__functions.c.o[0m
[0.786s] [  8%] Built target micro_ros_msgs__cpp
[0.786s] [ 10%] [32mBuilding C object CMakeFiles/micro_ros_msgs__rosidl_generator_c.dir/rosidl_generator_c/micro_ros_msgs/msg/detail/graph__functions.c.o[0m
[0.787s] [ 17%] [34m[1mGenerating C++ type support for eProsima Fast-RTPS[0m
[0.787s] [ 17%] [34m[1mGenerating C++ type support dispatch for ROS interfaces[0m
[0.787s] [ 17%] [34m[1mGenerating C++ introspection for ROS interfaces[0m
[0.787s] [ 19%] [32m[1mLinking C shared library libmicro_ros_msgs__rosidl_generator_c.so[0m
[0.787s] [ 19%] Built target micro_ros_msgs__rosidl_generator_c
[0.787s] [ 25%] [34m[1mGenerating C type support for eProsima Fast-RTPS[0m
[0.787s] [ 25%] [34m[1mGenerating C type support dispatch for ROS interfaces[0m
[0.787s] [ 25%] [34m[1mGenerating C introspection for ROS interfaces[0m
[0.787s] [ 31%] [32mBuilding CXX object CMakeFiles/micro_ros_msgs__rosidl_typesupport_cpp.dir/rosidl_typesupport_cpp/micro_ros_msgs/msg/entity__type_support.cpp.o[0m
[0.787s] [ 31%] [32mBuilding CXX object CMakeFiles/micro_ros_msgs__rosidl_typesupport_cpp.dir/rosidl_typesupport_cpp/micro_ros_msgs/msg/node__type_support.cpp.o[0m
[0.787s] [ 31%] [32mBuilding CXX object CMakeFiles/micro_ros_msgs__rosidl_typesupport_cpp.dir/rosidl_typesupport_cpp/micro_ros_msgs/msg/graph__type_support.cpp.o[0m
[0.787s] [ 36%] [32mBuilding CXX object CMakeFiles/micro_ros_msgs__rosidl_typesupport_introspection_cpp.dir/rosidl_typesupport_introspection_cpp/micro_ros_msgs/msg/detail/node__type_support.cpp.o[0m
[0.787s] [ 36%] [32mBuilding CXX object CMakeFiles/micro_ros_msgs__rosidl_typesupport_introspection_cpp.dir/rosidl_typesupport_introspection_cpp/micro_ros_msgs/msg/detail/entity__type_support.cpp.o[0m
[0.787s] [ 38%] [32mBuilding CXX object CMakeFiles/micro_ros_msgs__rosidl_typesupport_introspection_cpp.dir/rosidl_typesupport_introspection_cpp/micro_ros_msgs/msg/detail/graph__type_support.cpp.o[0m
[0.787s] [ 44%] [32mBuilding CXX object CMakeFiles/micro_ros_msgs__rosidl_typesupport_fastrtps_cpp.dir/rosidl_typesupport_fastrtps_cpp/micro_ros_msgs/msg/detail/dds_fastrtps/graph__type_support.cpp.o[0m
[0.787s] [ 44%] [32mBuilding CXX object CMakeFiles/micro_ros_msgs__rosidl_typesupport_fastrtps_cpp.dir/rosidl_typesupport_fastrtps_cpp/micro_ros_msgs/msg/detail/dds_fastrtps/entity__type_support.cpp.o[0m
[0.787s] [ 44%] [32mBuilding CXX object CMakeFiles/micro_ros_msgs__rosidl_typesupport_fastrtps_cpp.dir/rosidl_typesupport_fastrtps_cpp/micro_ros_msgs/msg/detail/dds_fastrtps/node__type_support.cpp.o[0m
[0.787s] [ 48%] [32mBuilding CXX object CMakeFiles/micro_ros_msgs__rosidl_typesupport_c.dir/rosidl_typesupport_c/micro_ros_msgs/msg/entity__type_support.cpp.o[0m
[0.787s] [ 48%] [32mBuilding CXX object CMakeFiles/micro_ros_msgs__rosidl_typesupport_c.dir/rosidl_typesupport_c/micro_ros_msgs/msg/graph__type_support.cpp.o[0m
[0.787s] [ 51%] [32mBuilding CXX object CMakeFiles/micro_ros_msgs__rosidl_typesupport_c.dir/rosidl_typesupport_c/micro_ros_msgs/msg/node__type_support.cpp.o[0m
[0.816s] [ 53%] [32m[1mLinking CXX shared library libmicro_ros_msgs__rosidl_typesupport_c.so[0m
[0.859s] [ 55%] [32mBuilding C object CMakeFiles/micro_ros_msgs__rosidl_typesupport_introspection_c.dir/rosidl_typesupport_introspection_c/micro_ros_msgs/msg/detail/graph__type_support.c.o[0m
[0.860s] [ 59%] [32mBuilding C object CMakeFiles/micro_ros_msgs__rosidl_typesupport_introspection_c.dir/rosidl_typesupport_introspection_c/micro_ros_msgs/msg/detail/entity__type_support.c.o[0m
[0.861s] [ 59%] [32mBuilding C object CMakeFiles/micro_ros_msgs__rosidl_typesupport_introspection_c.dir/rosidl_typesupport_introspection_c/micro_ros_msgs/msg/detail/node__type_support.c.o[0m
[0.879s] [ 65%] [32mBuilding CXX object CMakeFiles/micro_ros_msgs__rosidl_typesupport_fastrtps_c.dir/rosidl_typesupport_fastrtps_c/micro_ros_msgs/msg/detail/node__type_support_c.cpp.o[0m
[0.879s] [ 65%] [32mBuilding CXX object CMakeFiles/micro_ros_msgs__rosidl_typesupport_fastrtps_c.dir/rosidl_typesupport_fastrtps_c/micro_ros_msgs/msg/detail/graph__type_support_c.cpp.o[0m
[0.879s] [ 65%] [32mBuilding CXX object CMakeFiles/micro_ros_msgs__rosidl_typesupport_fastrtps_c.dir/rosidl_typesupport_fastrtps_c/micro_ros_msgs/msg/detail/entity__type_support_c.cpp.o[0m
[0.882s] [ 65%] Built target micro_ros_msgs__rosidl_typesupport_c
[0.916s] [ 68%] [32m[1mLinking C shared library libmicro_ros_msgs__rosidl_typesupport_introspection_c.so[0m
[0.970s] [ 68%] Built target micro_ros_msgs__rosidl_typesupport_introspection_c
[0.978s] [ 70%] [32m[1mLinking CXX shared library libmicro_ros_msgs__rosidl_typesupport_cpp.so[0m
[1.044s] [ 70%] Built target micro_ros_msgs__rosidl_typesupport_cpp
[1.222s] [ 72%] [32m[1mLinking CXX shared library libmicro_ros_msgs__rosidl_typesupport_fastrtps_cpp.so[0m
[1.241s] [ 74%] [32m[1mLinking CXX shared library libmicro_ros_msgs__rosidl_typesupport_introspection_cpp.so[0m
[1.287s] [ 76%] [32m[1mLinking CXX shared library libmicro_ros_msgs__rosidl_typesupport_fastrtps_c.so[0m
[1.344s] [ 76%] Built target micro_ros_msgs__rosidl_typesupport_fastrtps_cpp
[1.364s] [ 76%] Built target micro_ros_msgs__rosidl_typesupport_introspection_cpp
[1.393s] [ 76%] Built target micro_ros_msgs__rosidl_typesupport_fastrtps_c
[1.418s] [ 76%] Built target micro_ros_msgs
[1.449s] [ 78%] [34m[1mGenerating Python code for ROS interfaces[0m
[1.821s] [ 78%] Built target micro_ros_msgs__py
[1.852s] [ 82%] [32mBuilding C object CMakeFiles/micro_ros_msgs__rosidl_generator_py.dir/rosidl_generator_py/micro_ros_msgs/msg/_graph_s.c.o[0m
[1.852s] [ 82%] [32mBuilding C object CMakeFiles/micro_ros_msgs__rosidl_generator_py.dir/rosidl_generator_py/micro_ros_msgs/msg/_node_s.c.o[0m
[1.852s] [ 85%] [32mBuilding C object CMakeFiles/micro_ros_msgs__rosidl_generator_py.dir/rosidl_generator_py/micro_ros_msgs/msg/_entity_s.c.o[0m
[1.946s] [ 87%] [32m[1mLinking C shared library rosidl_generator_py/micro_ros_msgs/libmicro_ros_msgs__rosidl_generator_py.so[0m
[1.986s] [ 87%] Built target micro_ros_msgs__rosidl_generator_py
[2.006s] [ 93%] [32mBuilding C object CMakeFiles/micro_ros_msgs__rosidl_typesupport_c__pyext.dir/rosidl_generator_py/micro_ros_msgs/_micro_ros_msgs_s.ep.rosidl_typesupport_c.c.o[0m
[2.006s] [ 93%] [32mBuilding C object CMakeFiles/micro_ros_msgs__rosidl_typesupport_introspection_c__pyext.dir/rosidl_generator_py/micro_ros_msgs/_micro_ros_msgs_s.ep.rosidl_typesupport_introspection_c.c.o[0m
[2.006s] [ 93%] [32mBuilding C object CMakeFiles/micro_ros_msgs__rosidl_typesupport_fastrtps_c__pyext.dir/rosidl_generator_py/micro_ros_msgs/_micro_ros_msgs_s.ep.rosidl_typesupport_fastrtps_c.c.o[0m
[2.079s] [100%] [32m[1mLinking C shared library rosidl_generator_py/micro_ros_msgs/micro_ros_msgs_s__rosidl_typesupport_fastrtps_c.cpython-310-x86_64-linux-gnu.so[0m
[2.079s] [100%] [32m[1mLinking C shared library rosidl_generator_py/micro_ros_msgs/micro_ros_msgs_s__rosidl_typesupport_c.cpython-310-x86_64-linux-gnu.so[0m
[2.079s] [100%] [32m[1mLinking C shared library rosidl_generator_py/micro_ros_msgs/micro_ros_msgs_s__rosidl_typesupport_introspection_c.cpython-310-x86_64-linux-gnu.so[0m
[2.110s] [100%] Built target micro_ros_msgs__rosidl_typesupport_introspection_c__pyext
[2.110s] [100%] Built target micro_ros_msgs__rosidl_typesupport_c__pyext
[2.112s] [100%] Built target micro_ros_msgs__rosidl_typesupport_fastrtps_c__pyext
[2.124s] Invoked command in '/home/ryosuke/ros2_ws/src/build/micro_ros_msgs' returned '0': CMAKE_PREFIX_PATH=${CMAKE_PREFIX_PATH}:/home/ryosuke/ros2_ws/install/self_area_publish:/home/ryosuke/ros2_ws/install/jetracer_run:/home/ryosuke/ros2_ws/install/kalmanfilter:/opt/ros/humble /usr/bin/cmake --build /home/ryosuke/ros2_ws/src/build/micro_ros_msgs -- -j16 -l16
[2.125s] Invoking command in '/home/ryosuke/ros2_ws/src/build/micro_ros_msgs': CMAKE_PREFIX_PATH=${CMAKE_PREFIX_PATH}:/home/ryosuke/ros2_ws/install/self_area_publish:/home/ryosuke/ros2_ws/install/jetracer_run:/home/ryosuke/ros2_ws/install/kalmanfilter:/opt/ros/humble /usr/bin/cmake --install /home/ryosuke/ros2_ws/src/build/micro_ros_msgs
[2.134s] -- Install configuration: ""
[2.134s] -- Installing: /home/ryosuke/ros2_ws/src/install/micro_ros_msgs/share/ament_index/resource_index/rosidl_interfaces/micro_ros_msgs
[2.134s] -- Installing: /home/ryosuke/ros2_ws/src/install/micro_ros_msgs/include/micro_ros_msgs/micro_ros_msgs
[2.135s] -- Installing: /home/ryosuke/ros2_ws/src/install/micro_ros_msgs/include/micro_ros_msgs/micro_ros_msgs/msg
[2.135s] -- Installing: /home/ryosuke/ros2_ws/src/install/micro_ros_msgs/include/micro_ros_msgs/micro_ros_msgs/msg/graph.h
[2.135s] -- Installing: /home/ryosuke/ros2_ws/src/install/micro_ros_msgs/include/micro_ros_msgs/micro_ros_msgs/msg/rosidl_generator_c__visibility_control.h
[2.135s] -- Installing: /home/ryosuke/ros2_ws/src/install/micro_ros_msgs/include/micro_ros_msgs/micro_ros_msgs/msg/node.h
[2.135s] -- Installing: /home/ryosuke/ros2_ws/src/install/micro_ros_msgs/include/micro_ros_msgs/micro_ros_msgs/msg/entity.h
[2.135s] -- Installing: /home/ryosuke/ros2_ws/src/install/micro_ros_msgs/include/micro_ros_msgs/micro_ros_msgs/msg/detail
[2.135s] -- Installing: /home/ryosuke/ros2_ws/src/install/micro_ros_msgs/include/micro_ros_msgs/micro_ros_msgs/msg/detail/graph__functions.h
[2.135s] -- Installing: /home/ryosuke/ros2_ws/src/install/micro_ros_msgs/include/micro_ros_msgs/micro_ros_msgs/msg/detail/node__functions.c
[2.135s] -- Installing: /home/ryosuke/ros2_ws/src/install/micro_ros_msgs/include/micro_ros_msgs/micro_ros_msgs/msg/detail/entity__type_support.h
[2.135s] -- Installing: /home/ryosuke/ros2_ws/src/install/micro_ros_msgs/include/micro_ros_msgs/micro_ros_msgs/msg/detail/node__functions.h
[2.135s] -- Installing: /home/ryosuke/ros2_ws/src/install/micro_ros_msgs/include/micro_ros_msgs/micro_ros_msgs/msg/detail/graph__struct.h
[2.135s] -- Installing: /home/ryosuke/ros2_ws/src/install/micro_ros_msgs/include/micro_ros_msgs/micro_ros_msgs/msg/detail/entity__struct.h
[2.135s] -- Installing: /home/ryosuke/ros2_ws/src/install/micro_ros_msgs/include/micro_ros_msgs/micro_ros_msgs/msg/detail/node__type_support.h
[2.135s] -- Installing: /home/ryosuke/ros2_ws/src/install/micro_ros_msgs/include/micro_ros_msgs/micro_ros_msgs/msg/detail/graph__type_support.h
[2.135s] -- Installing: /home/ryosuke/ros2_ws/src/install/micro_ros_msgs/include/micro_ros_msgs/micro_ros_msgs/msg/detail/node__struct.h
[2.135s] -- Installing: /home/ryosuke/ros2_ws/src/install/micro_ros_msgs/include/micro_ros_msgs/micro_ros_msgs/msg/detail/entity__functions.h
[2.135s] -- Installing: /home/ryosuke/ros2_ws/src/install/micro_ros_msgs/include/micro_ros_msgs/micro_ros_msgs/msg/detail/entity__functions.c
[2.136s] -- Installing: /home/ryosuke/ros2_ws/src/install/micro_ros_msgs/include/micro_ros_msgs/micro_ros_msgs/msg/detail/graph__functions.c
[2.136s] -- Installing: /home/ryosuke/ros2_ws/src/install/micro_ros_msgs/share/micro_ros_msgs/environment/library_path.sh
[2.136s] -- Installing: /home/ryosuke/ros2_ws/src/install/micro_ros_msgs/share/micro_ros_msgs/environment/library_path.dsv
[2.136s] -- Installing: /home/ryosuke/ros2_ws/src/install/micro_ros_msgs/lib/libmicro_ros_msgs__rosidl_generator_c.so
[2.136s] -- Set runtime path of "/home/ryosuke/ros2_ws/src/install/micro_ros_msgs/lib/libmicro_ros_msgs__rosidl_generator_c.so" to ""
[2.136s] -- Up-to-date: /home/ryosuke/ros2_ws/src/install/micro_ros_msgs/include/micro_ros_msgs/micro_ros_msgs
[2.136s] -- Up-to-date: /home/ryosuke/ros2_ws/src/install/micro_ros_msgs/include/micro_ros_msgs/micro_ros_msgs/msg
[2.136s] -- Installing: /home/ryosuke/ros2_ws/src/install/micro_ros_msgs/include/micro_ros_msgs/micro_ros_msgs/msg/rosidl_typesupport_fastrtps_c__visibility_control.h
[2.136s] -- Up-to-date: /home/ryosuke/ros2_ws/src/install/micro_ros_msgs/include/micro_ros_msgs/micro_ros_msgs/msg/detail
[2.136s] -- Installing: /home/ryosuke/ros2_ws/src/install/micro_ros_msgs/include/micro_ros_msgs/micro_ros_msgs/msg/detail/node__rosidl_typesupport_fastrtps_c.h
[2.137s] -- Installing: /home/ryosuke/ros2_ws/src/install/micro_ros_msgs/include/micro_ros_msgs/micro_ros_msgs/msg/detail/entity__rosidl_typesupport_fastrtps_c.h
[2.137s] -- Installing: /home/ryosuke/ros2_ws/src/install/micro_ros_msgs/include/micro_ros_msgs/micro_ros_msgs/msg/detail/graph__rosidl_typesupport_fastrtps_c.h
[2.137s] -- Installing: /home/ryosuke/ros2_ws/src/install/micro_ros_msgs/lib/libmicro_ros_msgs__rosidl_typesupport_fastrtps_c.so
[2.137s] -- Set runtime path of "/home/ryosuke/ros2_ws/src/install/micro_ros_msgs/lib/libmicro_ros_msgs__rosidl_typesupport_fastrtps_c.so" to ""
[2.137s] -- Up-to-date: /home/ryosuke/ros2_ws/src/install/micro_ros_msgs/include/micro_ros_msgs/micro_ros_msgs
[2.137s] -- Up-to-date: /home/ryosuke/ros2_ws/src/install/micro_ros_msgs/include/micro_ros_msgs/micro_ros_msgs/msg
[2.137s] -- Installing: /home/ryosuke/ros2_ws/src/install/micro_ros_msgs/include/micro_ros_msgs/micro_ros_msgs/msg/rosidl_typesupport_introspection_c__visibility_control.h
[2.137s] -- Up-to-date: /home/ryosuke/ros2_ws/src/install/micro_ros_msgs/include/micro_ros_msgs/micro_ros_msgs/msg/detail
[2.137s] -- Installing: /home/ryosuke/ros2_ws/src/install/micro_ros_msgs/include/micro_ros_msgs/micro_ros_msgs/msg/detail/entity__rosidl_typesupport_introspection_c.h
[2.137s] -- Installing: /home/ryosuke/ros2_ws/src/install/micro_ros_msgs/include/micro_ros_msgs/micro_ros_msgs/msg/detail/graph__type_support.c
[2.137s] -- Installing: /home/ryosuke/ros2_ws/src/install/micro_ros_msgs/include/micro_ros_msgs/micro_ros_msgs/msg/detail/entity__type_support.c
[2.137s] -- Installing: /home/ryosuke/ros2_ws/src/install/micro_ros_msgs/include/micro_ros_msgs/micro_ros_msgs/msg/detail/graph__rosidl_typesupport_introspection_c.h
[2.138s] -- Installing: /home/ryosuke/ros2_ws/src/install/micro_ros_msgs/include/micro_ros_msgs/micro_ros_msgs/msg/detail/node__rosidl_typesupport_introspection_c.h
[2.138s] -- Installing: /home/ryosuke/ros2_ws/src/install/micro_ros_msgs/include/micro_ros_msgs/micro_ros_msgs/msg/detail/node__type_support.c
[2.138s] -- Installing: /home/ryosuke/ros2_ws/src/install/micro_ros_msgs/lib/libmicro_ros_msgs__rosidl_typesupport_introspection_c.so
[2.141s] -- Set runtime path of "/home/ryosuke/ros2_ws/src/install/micro_ros_msgs/lib/libmicro_ros_msgs__rosidl_typesupport_introspection_c.so" to ""
[2.141s] -- Installing: /home/ryosuke/ros2_ws/src/install/micro_ros_msgs/lib/libmicro_ros_msgs__rosidl_typesupport_c.so
[2.142s] -- Set runtime path of "/home/ryosuke/ros2_ws/src/install/micro_ros_msgs/lib/libmicro_ros_msgs__rosidl_typesupport_c.so" to ""
[2.142s] -- Up-to-date: /home/ryosuke/ros2_ws/src/install/micro_ros_msgs/include/micro_ros_msgs/micro_ros_msgs
[2.142s] -- Up-to-date: /home/ryosuke/ros2_ws/src/install/micro_ros_msgs/include/micro_ros_msgs/micro_ros_msgs/msg
[2.142s] -- Installing: /home/ryosuke/ros2_ws/src/install/micro_ros_msgs/include/micro_ros_msgs/micro_ros_msgs/msg/graph.hpp
[2.142s] -- Installing: /home/ryosuke/ros2_ws/src/install/micro_ros_msgs/include/micro_ros_msgs/micro_ros_msgs/msg/entity.hpp
[2.142s] -- Installing: /home/ryosuke/ros2_ws/src/install/micro_ros_msgs/include/micro_ros_msgs/micro_ros_msgs/msg/node.hpp
[2.142s] -- Installing: /home/ryosuke/ros2_ws/src/install/micro_ros_msgs/include/micro_ros_msgs/micro_ros_msgs/msg/rosidl_generator_cpp__visibility_control.hpp
[2.142s] -- Up-to-date: /home/ryosuke/ros2_ws/src/install/micro_ros_msgs/include/micro_ros_msgs/micro_ros_msgs/msg/detail
[2.142s] -- Installing: /home/ryosuke/ros2_ws/src/install/micro_ros_msgs/include/micro_ros_msgs/micro_ros_msgs/msg/detail/graph__struct.hpp
[2.142s] -- Installing: /home/ryosuke/ros2_ws/src/install/micro_ros_msgs/include/micro_ros_msgs/micro_ros_msgs/msg/detail/entity__struct.hpp
[2.142s] -- Installing: /home/ryosuke/ros2_ws/src/install/micro_ros_msgs/include/micro_ros_msgs/micro_ros_msgs/msg/detail/node__traits.hpp
[2.142s] -- Installing: /home/ryosuke/ros2_ws/src/install/micro_ros_msgs/include/micro_ros_msgs/micro_ros_msgs/msg/detail/entity__traits.hpp
[2.142s] -- Installing: /home/ryosuke/ros2_ws/src/install/micro_ros_msgs/include/micro_ros_msgs/micro_ros_msgs/msg/detail/entity__builder.hpp
[2.142s] -- Installing: /home/ryosuke/ros2_ws/src/install/micro_ros_msgs/include/micro_ros_msgs/micro_ros_msgs/msg/detail/node__type_support.hpp
[2.142s] -- Installing: /home/ryosuke/ros2_ws/src/install/micro_ros_msgs/include/micro_ros_msgs/micro_ros_msgs/msg/detail/graph__type_support.hpp
[2.142s] -- Installing: /home/ryosuke/ros2_ws/src/install/micro_ros_msgs/include/micro_ros_msgs/micro_ros_msgs/msg/detail/graph__traits.hpp
[2.143s] -- Installing: /home/ryosuke/ros2_ws/src/install/micro_ros_msgs/include/micro_ros_msgs/micro_ros_msgs/msg/detail/entity__type_support.hpp
[2.143s] -- Installing: /home/ryosuke/ros2_ws/src/install/micro_ros_msgs/include/micro_ros_msgs/micro_ros_msgs/msg/detail/node__builder.hpp
[2.143s] -- Installing: /home/ryosuke/ros2_ws/src/install/micro_ros_msgs/include/micro_ros_msgs/micro_ros_msgs/msg/detail/node__struct.hpp
[2.143s] -- Installing: /home/ryosuke/ros2_ws/src/install/micro_ros_msgs/include/micro_ros_msgs/micro_ros_msgs/msg/detail/graph__builder.hpp
[2.143s] -- Up-to-date: /home/ryosuke/ros2_ws/src/install/micro_ros_msgs/include/micro_ros_msgs/micro_ros_msgs
[2.143s] -- Up-to-date: /home/ryosuke/ros2_ws/src/install/micro_ros_msgs/include/micro_ros_msgs/micro_ros_msgs/msg
[2.143s] -- Up-to-date: /home/ryosuke/ros2_ws/src/install/micro_ros_msgs/include/micro_ros_msgs/micro_ros_msgs/msg/detail
[2.143s] -- Installing: /home/ryosuke/ros2_ws/src/install/micro_ros_msgs/include/micro_ros_msgs/micro_ros_msgs/msg/detail/graph__rosidl_typesupport_fastrtps_cpp.hpp
[2.143s] -- Installing: /home/ryosuke/ros2_ws/src/install/micro_ros_msgs/include/micro_ros_msgs/micro_ros_msgs/msg/detail/node__rosidl_typesupport_fastrtps_cpp.hpp
[2.143s] -- Installing: /home/ryosuke/ros2_ws/src/install/micro_ros_msgs/include/micro_ros_msgs/micro_ros_msgs/msg/detail/dds_fastrtps
[2.143s] -- Installing: /home/ryosuke/ros2_ws/src/install/micro_ros_msgs/include/micro_ros_msgs/micro_ros_msgs/msg/detail/entity__rosidl_typesupport_fastrtps_cpp.hpp
[2.143s] -- Installing: /home/ryosuke/ros2_ws/src/install/micro_ros_msgs/include/micro_ros_msgs/micro_ros_msgs/msg/rosidl_typesupport_fastrtps_cpp__visibility_control.h
[2.143s] -- Installing: /home/ryosuke/ros2_ws/src/install/micro_ros_msgs/lib/libmicro_ros_msgs__rosidl_typesupport_fastrtps_cpp.so
[2.144s] -- Set runtime path of "/home/ryosuke/ros2_ws/src/install/micro_ros_msgs/lib/libmicro_ros_msgs__rosidl_typesupport_fastrtps_cpp.so" to ""
[2.144s] -- Up-to-date: /home/ryosuke/ros2_ws/src/install/micro_ros_msgs/include/micro_ros_msgs/micro_ros_msgs
[2.144s] -- Up-to-date: /home/ryosuke/ros2_ws/src/install/micro_ros_msgs/include/micro_ros_msgs/micro_ros_msgs/msg
[2.144s] -- Up-to-date: /home/ryosuke/ros2_ws/src/install/micro_ros_msgs/include/micro_ros_msgs/micro_ros_msgs/msg/detail
[2.144s] -- Installing: /home/ryosuke/ros2_ws/src/install/micro_ros_msgs/include/micro_ros_msgs/micro_ros_msgs/msg/detail/graph__type_support.cpp
[2.144s] -- Installing: /home/ryosuke/ros2_ws/src/install/micro_ros_msgs/include/micro_ros_msgs/micro_ros_msgs/msg/detail/node__type_support.cpp
[2.144s] -- Installing: /home/ryosuke/ros2_ws/src/install/micro_ros_msgs/include/micro_ros_msgs/micro_ros_msgs/msg/detail/node__rosidl_typesupport_introspection_cpp.hpp
[2.144s] -- Installing: /home/ryosuke/ros2_ws/src/install/micro_ros_msgs/include/micro_ros_msgs/micro_ros_msgs/msg/detail/entity__rosidl_typesupport_introspection_cpp.hpp
[2.144s] -- Installing: /home/ryosuke/ros2_ws/src/install/micro_ros_msgs/include/micro_ros_msgs/micro_ros_msgs/msg/detail/entity__type_support.cpp
[2.144s] -- Installing: /home/ryosuke/ros2_ws/src/install/micro_ros_msgs/include/micro_ros_msgs/micro_ros_msgs/msg/detail/graph__rosidl_typesupport_introspection_cpp.hpp
[2.145s] -- Installing: /home/ryosuke/ros2_ws/src/install/micro_ros_msgs/lib/libmicro_ros_msgs__rosidl_typesupport_introspection_cpp.so
[2.145s] -- Set runtime path of "/home/ryosuke/ros2_ws/src/install/micro_ros_msgs/lib/libmicro_ros_msgs__rosidl_typesupport_introspection_cpp.so" to ""
[2.145s] -- Installing: /home/ryosuke/ros2_ws/src/install/micro_ros_msgs/lib/libmicro_ros_msgs__rosidl_typesupport_cpp.so
[2.145s] -- Set runtime path of "/home/ryosuke/ros2_ws/src/install/micro_ros_msgs/lib/libmicro_ros_msgs__rosidl_typesupport_cpp.so" to ""
[2.145s] -- Installing: /home/ryosuke/ros2_ws/src/install/micro_ros_msgs/share/micro_ros_msgs/environment/pythonpath.sh
[2.145s] -- Installing: /home/ryosuke/ros2_ws/src/install/micro_ros_msgs/share/micro_ros_msgs/environment/pythonpath.dsv
[2.145s] -- Installing: /home/ryosuke/ros2_ws/src/install/micro_ros_msgs/local/lib/python3.10/dist-packages/micro_ros_msgs-3.0.1-py3.10.egg-info
[2.145s] -- Installing: /home/ryosuke/ros2_ws/src/install/micro_ros_msgs/local/lib/python3.10/dist-packages/micro_ros_msgs-3.0.1-py3.10.egg-info/PKG-INFO
[2.146s] -- Installing: /home/ryosuke/ros2_ws/src/install/micro_ros_msgs/local/lib/python3.10/dist-packages/micro_ros_msgs-3.0.1-py3.10.egg-info/dependency_links.txt
[2.146s] -- Installing: /home/ryosuke/ros2_ws/src/install/micro_ros_msgs/local/lib/python3.10/dist-packages/micro_ros_msgs-3.0.1-py3.10.egg-info/SOURCES.txt
[2.146s] -- Installing: /home/ryosuke/ros2_ws/src/install/micro_ros_msgs/local/lib/python3.10/dist-packages/micro_ros_msgs-3.0.1-py3.10.egg-info/top_level.txt
[2.146s] -- Installing: /home/ryosuke/ros2_ws/src/install/micro_ros_msgs/local/lib/python3.10/dist-packages/micro_ros_msgs
[2.146s] -- Installing: /home/ryosuke/ros2_ws/src/install/micro_ros_msgs/local/lib/python3.10/dist-packages/micro_ros_msgs/_micro_ros_msgs_s.ep.rosidl_typesupport_fastrtps_c.c
[2.146s] -- Installing: /home/ryosuke/ros2_ws/src/install/micro_ros_msgs/local/lib/python3.10/dist-packages/micro_ros_msgs/msg
[2.146s] -- Installing: /home/ryosuke/ros2_ws/src/install/micro_ros_msgs/local/lib/python3.10/dist-packages/micro_ros_msgs/msg/_node.py
[2.146s] -- Installing: /home/ryosuke/ros2_ws/src/install/micro_ros_msgs/local/lib/python3.10/dist-packages/micro_ros_msgs/msg/_graph.py
[2.146s] -- Installing: /home/ryosuke/ros2_ws/src/install/micro_ros_msgs/local/lib/python3.10/dist-packages/micro_ros_msgs/msg/_node_s.c
[2.146s] -- Installing: /home/ryosuke/ros2_ws/src/install/micro_ros_msgs/local/lib/python3.10/dist-packages/micro_ros_msgs/msg/__init__.py
[2.146s] -- Installing: /home/ryosuke/ros2_ws/src/install/micro_ros_msgs/local/lib/python3.10/dist-packages/micro_ros_msgs/msg/_entity.py
[2.146s] -- Installing: /home/ryosuke/ros2_ws/src/install/micro_ros_msgs/local/lib/python3.10/dist-packages/micro_ros_msgs/msg/_entity_s.c
[2.147s] -- Installing: /home/ryosuke/ros2_ws/src/install/micro_ros_msgs/local/lib/python3.10/dist-packages/micro_ros_msgs/msg/_graph_s.c
[2.147s] -- Installing: /home/ryosuke/ros2_ws/src/install/micro_ros_msgs/local/lib/python3.10/dist-packages/micro_ros_msgs/micro_ros_msgs_s__rosidl_typesupport_introspection_c.cpython-310-x86_64-linux-gnu.so
[2.147s] -- Installing: /home/ryosuke/ros2_ws/src/install/micro_ros_msgs/local/lib/python3.10/dist-packages/micro_ros_msgs/libmicro_ros_msgs__rosidl_generator_py.so
[2.147s] -- Installing: /home/ryosuke/ros2_ws/src/install/micro_ros_msgs/local/lib/python3.10/dist-packages/micro_ros_msgs/_micro_ros_msgs_s.ep.rosidl_typesupport_c.c
[2.147s] -- Installing: /home/ryosuke/ros2_ws/src/install/micro_ros_msgs/local/lib/python3.10/dist-packages/micro_ros_msgs/micro_ros_msgs_s__rosidl_typesupport_fastrtps_c.cpython-310-x86_64-linux-gnu.so
[2.147s] -- Installing: /home/ryosuke/ros2_ws/src/install/micro_ros_msgs/local/lib/python3.10/dist-packages/micro_ros_msgs/__init__.py
[2.147s] -- Installing: /home/ryosuke/ros2_ws/src/install/micro_ros_msgs/local/lib/python3.10/dist-packages/micro_ros_msgs/_micro_ros_msgs_s.ep.rosidl_typesupport_introspection_c.c
[2.147s] -- Installing: /home/ryosuke/ros2_ws/src/install/micro_ros_msgs/local/lib/python3.10/dist-packages/micro_ros_msgs/micro_ros_msgs_s__rosidl_typesupport_c.cpython-310-x86_64-linux-gnu.so
[2.174s] Listing '/home/ryosuke/ros2_ws/src/install/micro_ros_msgs/local/lib/python3.10/dist-packages/micro_ros_msgs'...
[2.174s] Compiling '/home/ryosuke/ros2_ws/src/install/micro_ros_msgs/local/lib/python3.10/dist-packages/micro_ros_msgs/__init__.py'...
[2.174s] Listing '/home/ryosuke/ros2_ws/src/install/micro_ros_msgs/local/lib/python3.10/dist-packages/micro_ros_msgs/msg'...
[2.174s] Compiling '/home/ryosuke/ros2_ws/src/install/micro_ros_msgs/local/lib/python3.10/dist-packages/micro_ros_msgs/msg/__init__.py'...
[2.174s] Compiling '/home/ryosuke/ros2_ws/src/install/micro_ros_msgs/local/lib/python3.10/dist-packages/micro_ros_msgs/msg/_entity.py'...
[2.174s] Compiling '/home/ryosuke/ros2_ws/src/install/micro_ros_msgs/local/lib/python3.10/dist-packages/micro_ros_msgs/msg/_graph.py'...
[2.174s] Compiling '/home/ryosuke/ros2_ws/src/install/micro_ros_msgs/local/lib/python3.10/dist-packages/micro_ros_msgs/msg/_node.py'...
[2.177s] -- Installing: /home/ryosuke/ros2_ws/src/install/micro_ros_msgs/local/lib/python3.10/dist-packages/micro_ros_msgs/micro_ros_msgs_s__rosidl_typesupport_fastrtps_c.cpython-310-x86_64-linux-gnu.so
[2.178s] -- Set runtime path of "/home/ryosuke/ros2_ws/src/install/micro_ros_msgs/local/lib/python3.10/dist-packages/micro_ros_msgs/micro_ros_msgs_s__rosidl_typesupport_fastrtps_c.cpython-310-x86_64-linux-gnu.so" to ""
[2.178s] -- Installing: /home/ryosuke/ros2_ws/src/install/micro_ros_msgs/local/lib/python3.10/dist-packages/micro_ros_msgs/micro_ros_msgs_s__rosidl_typesupport_introspection_c.cpython-310-x86_64-linux-gnu.so
[2.178s] -- Set runtime path of "/home/ryosuke/ros2_ws/src/install/micro_ros_msgs/local/lib/python3.10/dist-packages/micro_ros_msgs/micro_ros_msgs_s__rosidl_typesupport_introspection_c.cpython-310-x86_64-linux-gnu.so" to ""
[2.179s] -- Installing: /home/ryosuke/ros2_ws/src/install/micro_ros_msgs/local/lib/python3.10/dist-packages/micro_ros_msgs/micro_ros_msgs_s__rosidl_typesupport_c.cpython-310-x86_64-linux-gnu.so
[2.179s] -- Set runtime path of "/home/ryosuke/ros2_ws/src/install/micro_ros_msgs/local/lib/python3.10/dist-packages/micro_ros_msgs/micro_ros_msgs_s__rosidl_typesupport_c.cpython-310-x86_64-linux-gnu.so" to ""
[2.179s] -- Installing: /home/ryosuke/ros2_ws/src/install/micro_ros_msgs/lib/libmicro_ros_msgs__rosidl_generator_py.so
[2.179s] -- Set runtime path of "/home/ryosuke/ros2_ws/src/install/micro_ros_msgs/lib/libmicro_ros_msgs__rosidl_generator_py.so" to ""
[2.179s] -- Installing: /home/ryosuke/ros2_ws/src/install/micro_ros_msgs/share/micro_ros_msgs/msg/Graph.idl
[2.179s] -- Installing: /home/ryosuke/ros2_ws/src/install/micro_ros_msgs/share/micro_ros_msgs/msg/Node.idl
[2.179s] -- Installing: /home/ryosuke/ros2_ws/src/install/micro_ros_msgs/share/micro_ros_msgs/msg/Entity.idl
[2.180s] -- Installing: /home/ryosuke/ros2_ws/src/install/micro_ros_msgs/share/micro_ros_msgs/msg/Graph.msg
[2.180s] -- Installing: /home/ryosuke/ros2_ws/src/install/micro_ros_msgs/share/micro_ros_msgs/msg/Node.msg
[2.180s] -- Installing: /home/ryosuke/ros2_ws/src/install/micro_ros_msgs/share/micro_ros_msgs/msg/Entity.msg
[2.180s] -- Installing: /home/ryosuke/ros2_ws/src/install/micro_ros_msgs/share/ament_index/resource_index/package_run_dependencies/micro_ros_msgs
[2.180s] -- Installing: /home/ryosuke/ros2_ws/src/install/micro_ros_msgs/share/ament_index/resource_index/parent_prefix_path/micro_ros_msgs
[2.180s] -- Installing: /home/ryosuke/ros2_ws/src/install/micro_ros_msgs/share/micro_ros_msgs/environment/ament_prefix_path.sh
[2.180s] -- Installing: /home/ryosuke/ros2_ws/src/install/micro_ros_msgs/share/micro_ros_msgs/environment/ament_prefix_path.dsv
[2.180s] -- Installing: /home/ryosuke/ros2_ws/src/install/micro_ros_msgs/share/micro_ros_msgs/environment/path.sh
[2.180s] -- Installing: /home/ryosuke/ros2_ws/src/install/micro_ros_msgs/share/micro_ros_msgs/environment/path.dsv
[2.181s] -- Installing: /home/ryosuke/ros2_ws/src/install/micro_ros_msgs/share/micro_ros_msgs/local_setup.bash
[2.181s] -- Installing: /home/ryosuke/ros2_ws/src/install/micro_ros_msgs/share/micro_ros_msgs/local_setup.sh
[2.181s] -- Installing: /home/ryosuke/ros2_ws/src/install/micro_ros_msgs/share/micro_ros_msgs/local_setup.zsh
[2.181s] -- Installing: /home/ryosuke/ros2_ws/src/install/micro_ros_msgs/share/micro_ros_msgs/local_setup.dsv
[2.181s] -- Installing: /home/ryosuke/ros2_ws/src/install/micro_ros_msgs/share/micro_ros_msgs/package.dsv
[2.181s] -- Installing: /home/ryosuke/ros2_ws/src/install/micro_ros_msgs/share/ament_index/resource_index/packages/micro_ros_msgs
[2.181s] -- Installing: /home/ryosuke/ros2_ws/src/install/micro_ros_msgs/share/micro_ros_msgs/cmake/export_micro_ros_msgs__rosidl_generator_cExport.cmake
[2.181s] -- Installing: /home/ryosuke/ros2_ws/src/install/micro_ros_msgs/share/micro_ros_msgs/cmake/export_micro_ros_msgs__rosidl_generator_cExport-noconfig.cmake
[2.181s] -- Installing: /home/ryosuke/ros2_ws/src/install/micro_ros_msgs/share/micro_ros_msgs/cmake/export_micro_ros_msgs__rosidl_typesupport_fastrtps_cExport.cmake
[2.181s] -- Installing: /home/ryosuke/ros2_ws/src/install/micro_ros_msgs/share/micro_ros_msgs/cmake/export_micro_ros_msgs__rosidl_typesupport_fastrtps_cExport-noconfig.cmake
[2.181s] -- Installing: /home/ryosuke/ros2_ws/src/install/micro_ros_msgs/share/micro_ros_msgs/cmake/micro_ros_msgs__rosidl_typesupport_introspection_cExport.cmake
[2.182s] -- Installing: /home/ryosuke/ros2_ws/src/install/micro_ros_msgs/share/micro_ros_msgs/cmake/micro_ros_msgs__rosidl_typesupport_introspection_cExport-noconfig.cmake
[2.182s] -- Installing: /home/ryosuke/ros2_ws/src/install/micro_ros_msgs/share/micro_ros_msgs/cmake/micro_ros_msgs__rosidl_typesupport_cExport.cmake
[2.182s] -- Installing: /home/ryosuke/ros2_ws/src/install/micro_ros_msgs/share/micro_ros_msgs/cmake/micro_ros_msgs__rosidl_typesupport_cExport-noconfig.cmake
[2.182s] -- Installing: /home/ryosuke/ros2_ws/src/install/micro_ros_msgs/share/micro_ros_msgs/cmake/export_micro_ros_msgs__rosidl_generator_cppExport.cmake
[2.182s] -- Installing: /home/ryosuke/ros2_ws/src/install/micro_ros_msgs/share/micro_ros_msgs/cmake/export_micro_ros_msgs__rosidl_typesupport_fastrtps_cppExport.cmake
[2.182s] -- Installing: /home/ryosuke/ros2_ws/src/install/micro_ros_msgs/share/micro_ros_msgs/cmake/export_micro_ros_msgs__rosidl_typesupport_fastrtps_cppExport-noconfig.cmake
[2.182s] -- Installing: /home/ryosuke/ros2_ws/src/install/micro_ros_msgs/share/micro_ros_msgs/cmake/micro_ros_msgs__rosidl_typesupport_introspection_cppExport.cmake
[2.182s] -- Installing: /home/ryosuke/ros2_ws/src/install/micro_ros_msgs/share/micro_ros_msgs/cmake/micro_ros_msgs__rosidl_typesupport_introspection_cppExport-noconfig.cmake
[2.182s] -- Installing: /home/ryosuke/ros2_ws/src/install/micro_ros_msgs/share/micro_ros_msgs/cmake/micro_ros_msgs__rosidl_typesupport_cppExport.cmake
[2.183s] -- Installing: /home/ryosuke/ros2_ws/src/install/micro_ros_msgs/share/micro_ros_msgs/cmake/micro_ros_msgs__rosidl_typesupport_cppExport-noconfig.cmake
[2.183s] -- Installing: /home/ryosuke/ros2_ws/src/install/micro_ros_msgs/share/micro_ros_msgs/cmake/export_micro_ros_msgs__rosidl_generator_pyExport.cmake
[2.183s] -- Installing: /home/ryosuke/ros2_ws/src/install/micro_ros_msgs/share/micro_ros_msgs/cmake/export_micro_ros_msgs__rosidl_generator_pyExport-noconfig.cmake
[2.183s] -- Installing: /home/ryosuke/ros2_ws/src/install/micro_ros_msgs/share/micro_ros_msgs/cmake/rosidl_cmake-extras.cmake
[2.183s] -- Installing: /home/ryosuke/ros2_ws/src/install/micro_ros_msgs/share/micro_ros_msgs/cmake/ament_cmake_export_include_directories-extras.cmake
[2.183s] -- Installing: /home/ryosuke/ros2_ws/src/install/micro_ros_msgs/share/micro_ros_msgs/cmake/ament_cmake_export_libraries-extras.cmake
[2.183s] -- Installing: /home/ryosuke/ros2_ws/src/install/micro_ros_msgs/share/micro_ros_msgs/cmake/ament_cmake_export_targets-extras.cmake
[2.183s] -- Installing: /home/ryosuke/ros2_ws/src/install/micro_ros_msgs/share/micro_ros_msgs/cmake/rosidl_cmake_export_typesupport_targets-extras.cmake
[2.183s] -- Installing: /home/ryosuke/ros2_ws/src/install/micro_ros_msgs/share/micro_ros_msgs/cmake/ament_cmake_export_dependencies-extras.cmake
[2.183s] -- Installing: /home/ryosuke/ros2_ws/src/install/micro_ros_msgs/share/micro_ros_msgs/cmake/rosidl_cmake_export_typesupport_libraries-extras.cmake
[2.184s] -- Installing: /home/ryosuke/ros2_ws/src/install/micro_ros_msgs/share/micro_ros_msgs/cmake/micro_ros_msgsConfig.cmake
[2.184s] -- Installing: /home/ryosuke/ros2_ws/src/install/micro_ros_msgs/share/micro_ros_msgs/cmake/micro_ros_msgsConfig-version.cmake
[2.184s] -- Installing: /home/ryosuke/ros2_ws/src/install/micro_ros_msgs/share/micro_ros_msgs/package.xml
[2.187s] Invoked command in '/home/ryosuke/ros2_ws/src/build/micro_ros_msgs' returned '0': CMAKE_PREFIX_PATH=${CMAKE_PREFIX_PATH}:/home/ryosuke/ros2_ws/install/self_area_publish:/home/ryosuke/ros2_ws/install/jetracer_run:/home/ryosuke/ros2_ws/install/kalmanfilter:/opt/ros/humble /usr/bin/cmake --install /home/ryosuke/ros2_ws/src/build/micro_ros_msgs
