running egg_info
creating ../build/self_area_publish/self_area_publish.egg-info
writing ../build/self_area_publish/self_area_publish.egg-info/PKG-INFO
writing dependency_links to ../build/self_area_publish/self_area_publish.egg-info/dependency_links.txt
writing entry points to ../build/self_area_publish/self_area_publish.egg-info/entry_points.txt
writing requirements to ../build/self_area_publish/self_area_publish.egg-info/requires.txt
writing top-level names to ../build/self_area_publish/self_area_publish.egg-info/top_level.txt
writing manifest file '../build/self_area_publish/self_area_publish.egg-info/SOURCES.txt'
reading manifest file '../build/self_area_publish/self_area_publish.egg-info/SOURCES.txt'
writing manifest file '../build/self_area_publish/self_area_publish.egg-info/SOURCES.txt'
running build
running build_py
creating /home/ryosuke/ros2_ws/src/build/self_area_publish/build
creating /home/ryosuke/ros2_ws/src/build/self_area_publish/build/lib
creating /home/ryosuke/ros2_ws/src/build/self_area_publish/build/lib/self_area_publish
copying self_area_publish/run.py -> /home/ryosuke/ros2_ws/src/build/self_area_publish/build/lib/self_area_publish
copying self_area_publish/__init__.py -> /home/ryosuke/ros2_ws/src/build/self_area_publish/build/lib/self_area_publish
running install
running install_lib
creating /home/ryosuke/ros2_ws/src/install/self_area_publish/lib/python3.10/site-packages/self_area_publish
copying /home/ryosuke/ros2_ws/src/build/self_area_publish/build/lib/self_area_publish/run.py -> /home/ryosuke/ros2_ws/src/install/self_area_publish/lib/python3.10/site-packages/self_area_publish
copying /home/ryosuke/ros2_ws/src/build/self_area_publish/build/lib/self_area_publish/__init__.py -> /home/ryosuke/ros2_ws/src/install/self_area_publish/lib/python3.10/site-packages/self_area_publish
byte-compiling /home/ryosuke/ros2_ws/src/install/self_area_publish/lib/python3.10/site-packages/self_area_publish/run.py to run.cpython-310.pyc
byte-compiling /home/ryosuke/ros2_ws/src/install/self_area_publish/lib/python3.10/site-packages/self_area_publish/__init__.py to __init__.cpython-310.pyc
running install_data
creating /home/ryosuke/ros2_ws/src/install/self_area_publish/share/ament_index
creating /home/ryosuke/ros2_ws/src/install/self_area_publish/share/ament_index/resource_index
creating /home/ryosuke/ros2_ws/src/install/self_area_publish/share/ament_index/resource_index/packages
copying resource/self_area_publish -> /home/ryosuke/ros2_ws/src/install/self_area_publish/share/ament_index/resource_index/packages
copying package.xml -> /home/ryosuke/ros2_ws/src/install/self_area_publish/share/self_area_publish
running install_egg_info
Copying ../build/self_area_publish/self_area_publish.egg-info to /home/ryosuke/ros2_ws/src/install/self_area_publish/lib/python3.10/site-packages/self_area_publish-0.0.0-py3.10.egg-info
running install_scripts
Installing self_area_pub script to /home/ryosuke/ros2_ws/src/install/self_area_publish/lib/self_area_publish
writing list of installed files to '/home/ryosuke/ros2_ws/src/build/self_area_publish/install.log'
