running egg_info
creating ../build/jetracer_run/jetracer_run.egg-info
writing ../build/jetracer_run/jetracer_run.egg-info/PKG-INFO
writing dependency_links to ../build/jetracer_run/jetracer_run.egg-info/dependency_links.txt
writing entry points to ../build/jetracer_run/jetracer_run.egg-info/entry_points.txt
writing requirements to ../build/jetracer_run/jetracer_run.egg-info/requires.txt
writing top-level names to ../build/jetracer_run/jetracer_run.egg-info/top_level.txt
writing manifest file '../build/jetracer_run/jetracer_run.egg-info/SOURCES.txt'
reading manifest file '../build/jetracer_run/jetracer_run.egg-info/SOURCES.txt'
writing manifest file '../build/jetracer_run/jetracer_run.egg-info/SOURCES.txt'
running build
running build_py
creating /home/ryosuke/ros2_ws/src/build/jetracer_run/build
creating /home/ryosuke/ros2_ws/src/build/jetracer_run/build/lib
creating /home/ryosuke/ros2_ws/src/build/jetracer_run/build/lib/jetracer_run
copying jetracer_run/run.py -> /home/ryosuke/ros2_ws/src/build/jetracer_run/build/lib/jetracer_run
copying jetracer_run/__init__.py -> /home/ryosuke/ros2_ws/src/build/jetracer_run/build/lib/jetracer_run
running install
running install_lib
creating /home/ryosuke/ros2_ws/src/install/jetracer_run/lib/python3.10/site-packages/jetracer_run
copying /home/ryosuke/ros2_ws/src/build/jetracer_run/build/lib/jetracer_run/run.py -> /home/ryosuke/ros2_ws/src/install/jetracer_run/lib/python3.10/site-packages/jetracer_run
copying /home/ryosuke/ros2_ws/src/build/jetracer_run/build/lib/jetracer_run/__init__.py -> /home/ryosuke/ros2_ws/src/install/jetracer_run/lib/python3.10/site-packages/jetracer_run
byte-compiling /home/ryosuke/ros2_ws/src/install/jetracer_run/lib/python3.10/site-packages/jetracer_run/run.py to run.cpython-310.pyc
byte-compiling /home/ryosuke/ros2_ws/src/install/jetracer_run/lib/python3.10/site-packages/jetracer_run/__init__.py to __init__.cpython-310.pyc
running install_data
creating /home/ryosuke/ros2_ws/src/install/jetracer_run/share/ament_index
creating /home/ryosuke/ros2_ws/src/install/jetracer_run/share/ament_index/resource_index
creating /home/ryosuke/ros2_ws/src/install/jetracer_run/share/ament_index/resource_index/packages
copying resource/jetracer_run -> /home/ryosuke/ros2_ws/src/install/jetracer_run/share/ament_index/resource_index/packages
copying package.xml -> /home/ryosuke/ros2_ws/src/install/jetracer_run/share/jetracer_run
running install_egg_info
Copying ../build/jetracer_run/jetracer_run.egg-info to /home/ryosuke/ros2_ws/src/install/jetracer_run/lib/python3.10/site-packages/jetracer_run-0.0.0-py3.10.egg-info
running install_scripts
Installing jetracer_run script to /home/ryosuke/ros2_ws/src/install/jetracer_run/lib/jetracer_run
writing list of installed files to '/home/ryosuke/ros2_ws/src/build/jetracer_run/install.log'
