[0.423s] Invoking command in '/home/ryosuke/ros2_ws/src/build/micro_ros_setup': CMAKE_PREFIX_PATH=${CMAKE_PREFIX_PATH}:/home/ryosuke/ros2_ws/install/self_area_publish:/home/ryosuke/ros2_ws/install/jetracer_run:/home/ryosuke/ros2_ws/install/kalmanfilter:/opt/ros/humble /usr/bin/cmake /home/ryosuke/ros2_ws/src/micro_ros_setup -DCMAKE_INSTALL_PREFIX=/home/ryosuke/ros2_ws/src/install/micro_ros_setup
[0.614s] -- The C compiler identification is GNU 11.4.0
[0.614s] -- The CXX compiler identification is GNU 11.4.0
[0.614s] -- Detecting C compiler ABI info
[0.614s] -- Detecting C compiler ABI info - done
[0.614s] -- Check for working C compiler: /usr/bin/cc - skipped
[0.614s] -- Detecting C compile features
[0.614s] -- Detecting C compile features - done
[0.614s] -- Detecting CXX compiler ABI info
[0.689s] -- Detecting CXX compiler ABI info - done
[0.694s] -- Check for working CXX compiler: /usr/bin/c++ - skipped
[0.694s] -- Detecting CXX compile features
[0.694s] -- Detecting CXX compile features - done
[0.696s] -- Found ament_cmake: 1.3.12 (/opt/ros/humble/share/ament_cmake/cmake)
[0.813s] -- Found Python3: /usr/bin/python3 (found version "3.10.12") found components: Interpreter 
[0.903s] -- Found ament_lint_auto: 0.12.14 (/opt/ros/humble/share/ament_lint_auto/cmake)
[0.974s] -- Added test 'copyright' to check source files copyright and LICENSE
[0.991s] -- Added test 'flake8' to check Python code syntax and style conventions
[0.993s] -- Added test 'lint_cmake' to check CMake code style
[0.994s] -- Added test 'pep257' to check Python code against some of the docstring style conventions in PEP 257
[1.003s] -- Added test 'xmllint' to check XML markup files
[1.004s] -- Configuring done
[1.007s] -- Generating done
[1.008s] -- Build files have been written to: /home/ryosuke/ros2_ws/src/build/micro_ros_setup
[1.016s] Invoked command in '/home/ryosuke/ros2_ws/src/build/micro_ros_setup' returned '0': CMAKE_PREFIX_PATH=${CMAKE_PREFIX_PATH}:/home/ryosuke/ros2_ws/install/self_area_publish:/home/ryosuke/ros2_ws/install/jetracer_run:/home/ryosuke/ros2_ws/install/kalmanfilter:/opt/ros/humble /usr/bin/cmake /home/ryosuke/ros2_ws/src/micro_ros_setup -DCMAKE_INSTALL_PREFIX=/home/ryosuke/ros2_ws/src/install/micro_ros_setup
[1.017s] Invoking command in '/home/ryosuke/ros2_ws/src/build/micro_ros_setup': CMAKE_PREFIX_PATH=${CMAKE_PREFIX_PATH}:/home/ryosuke/ros2_ws/install/self_area_publish:/home/ryosuke/ros2_ws/install/jetracer_run:/home/ryosuke/ros2_ws/install/kalmanfilter:/opt/ros/humble /usr/bin/cmake --build /home/ryosuke/ros2_ws/src/build/micro_ros_setup -- -j16 -l16
[1.069s] Invoked command in '/home/ryosuke/ros2_ws/src/build/micro_ros_setup' returned '0': CMAKE_PREFIX_PATH=${CMAKE_PREFIX_PATH}:/home/ryosuke/ros2_ws/install/self_area_publish:/home/ryosuke/ros2_ws/install/jetracer_run:/home/ryosuke/ros2_ws/install/kalmanfilter:/opt/ros/humble /usr/bin/cmake --build /home/ryosuke/ros2_ws/src/build/micro_ros_setup -- -j16 -l16
[1.084s] Invoking command in '/home/ryosuke/ros2_ws/src/build/micro_ros_setup': CMAKE_PREFIX_PATH=${CMAKE_PREFIX_PATH}:/home/ryosuke/ros2_ws/install/self_area_publish:/home/ryosuke/ros2_ws/install/jetracer_run:/home/ryosuke/ros2_ws/install/kalmanfilter:/opt/ros/humble /usr/bin/cmake --install /home/ryosuke/ros2_ws/src/build/micro_ros_setup
[1.093s] -- Install configuration: ""
[1.093s] -- Installing: /home/ryosuke/ros2_ws/src/install/micro_ros_setup/share/ament_index/resource_index/package_run_dependencies/micro_ros_setup
[1.093s] -- Installing: /home/ryosuke/ros2_ws/src/install/micro_ros_setup/share/ament_index/resource_index/parent_prefix_path/micro_ros_setup
[1.093s] -- Installing: /home/ryosuke/ros2_ws/src/install/micro_ros_setup/share/micro_ros_setup/environment/ament_prefix_path.sh
[1.093s] -- Installing: /home/ryosuke/ros2_ws/src/install/micro_ros_setup/share/micro_ros_setup/environment/ament_prefix_path.dsv
[1.093s] -- Installing: /home/ryosuke/ros2_ws/src/install/micro_ros_setup/share/micro_ros_setup/environment/path.sh
[1.093s] -- Installing: /home/ryosuke/ros2_ws/src/install/micro_ros_setup/share/micro_ros_setup/environment/path.dsv
[1.094s] -- Installing: /home/ryosuke/ros2_ws/src/install/micro_ros_setup/share/micro_ros_setup/local_setup.bash
[1.094s] -- Installing: /home/ryosuke/ros2_ws/src/install/micro_ros_setup/share/micro_ros_setup/local_setup.sh
[1.094s] -- Installing: /home/ryosuke/ros2_ws/src/install/micro_ros_setup/share/micro_ros_setup/local_setup.zsh
[1.094s] -- Installing: /home/ryosuke/ros2_ws/src/install/micro_ros_setup/share/micro_ros_setup/local_setup.dsv
[1.094s] -- Installing: /home/ryosuke/ros2_ws/src/install/micro_ros_setup/share/micro_ros_setup/package.dsv
[1.094s] -- Installing: /home/ryosuke/ros2_ws/src/install/micro_ros_setup/share/ament_index/resource_index/packages/micro_ros_setup
[1.094s] -- Installing: /home/ryosuke/ros2_ws/src/install/micro_ros_setup/share/micro_ros_setup/cmake/micro_ros_setupConfig.cmake
[1.094s] -- Installing: /home/ryosuke/ros2_ws/src/install/micro_ros_setup/share/micro_ros_setup/cmake/micro_ros_setupConfig-version.cmake
[1.094s] -- Installing: /home/ryosuke/ros2_ws/src/install/micro_ros_setup/share/micro_ros_setup/package.xml
[1.094s] -- Installing: /home/ryosuke/ros2_ws/src/install/micro_ros_setup/./config
[1.094s] -- Installing: /home/ryosuke/ros2_ws/src/install/micro_ros_setup/./config/agent_ros2_packages.txt
[1.095s] -- Installing: /home/ryosuke/ros2_ws/src/install/micro_ros_setup/./config/agent_uros_packages.repos
[1.095s] -- Installing: /home/ryosuke/ros2_ws/src/install/micro_ros_setup/./config/utils.sh
[1.095s] -- Installing: /home/ryosuke/ros2_ws/src/install/micro_ros_setup/./config/client_ros2_packages.txt
[1.095s] -- Installing: /home/ryosuke/ros2_ws/src/install/micro_ros_setup/./config/generate_lib
[1.095s] -- Installing: /home/ryosuke/ros2_ws/src/install/micro_ros_setup/./config/generate_lib/dev_uros_packages.repos
[1.095s] -- Installing: /home/ryosuke/ros2_ws/src/install/micro_ros_setup/./config/generate_lib/dev_ros2_packages.txt
[1.095s] -- Installing: /home/ryosuke/ros2_ws/src/install/micro_ros_setup/./config/generate_lib/generic
[1.095s] -- Installing: /home/ryosuke/ros2_ws/src/install/micro_ros_setup/./config/generate_lib/generic/demo_toolchain.cmake
[1.095s] -- Installing: /home/ryosuke/ros2_ws/src/install/micro_ros_setup/./config/generate_lib/generic/package.xml
[1.095s] -- Installing: /home/ryosuke/ros2_ws/src/install/micro_ros_setup/./config/generate_lib/generic/client_uros_packages.repos
[1.095s] -- Installing: /home/ryosuke/ros2_ws/src/install/micro_ros_setup/./config/generate_lib/generic/flash.sh
[1.095s] -- Installing: /home/ryosuke/ros2_ws/src/install/micro_ros_setup/./config/generate_lib/generic/create.sh
[1.095s] -- Installing: /home/ryosuke/ros2_ws/src/install/micro_ros_setup/./config/generate_lib/generic/client-colcon.meta
[1.095s] -- Installing: /home/ryosuke/ros2_ws/src/install/micro_ros_setup/./config/generate_lib/generic/build.sh
[1.095s] -- Installing: /home/ryosuke/ros2_ws/src/install/micro_ros_setup/./config/mbed
[1.095s] -- Installing: /home/ryosuke/ros2_ws/src/install/micro_ros_setup/./config/mbed/list_apps.sh
[1.096s] -- Installing: /home/ryosuke/ros2_ws/src/install/micro_ros_setup/./config/mbed/dev_uros_packages.repos
[1.096s] -- Installing: /home/ryosuke/ros2_ws/src/install/micro_ros_setup/./config/mbed/dev_ros2_packages.txt
[1.096s] -- Installing: /home/ryosuke/ros2_ws/src/install/micro_ros_setup/./config/mbed/generic
[1.096s] -- Installing: /home/ryosuke/ros2_ws/src/install/micro_ros_setup/./config/mbed/generic/supported_platforms
[1.096s] -- Installing: /home/ryosuke/ros2_ws/src/install/micro_ros_setup/./config/mbed/generic/package.xml
[1.096s] -- Installing: /home/ryosuke/ros2_ws/src/install/micro_ros_setup/./config/mbed/generic/client_uros_packages.repos
[1.096s] -- Installing: /home/ryosuke/ros2_ws/src/install/micro_ros_setup/./config/mbed/generic/flash.sh
[1.096s] -- Installing: /home/ryosuke/ros2_ws/src/install/micro_ros_setup/./config/mbed/generic/board.repos
[1.096s] -- Installing: /home/ryosuke/ros2_ws/src/install/micro_ros_setup/./config/mbed/generic/create.sh
[1.096s] -- Installing: /home/ryosuke/ros2_ws/src/install/micro_ros_setup/./config/mbed/generic/build.sh
[1.096s] -- Installing: /home/ryosuke/ros2_ws/src/install/micro_ros_setup/./config/client_uros_packages.repos
[1.096s] -- Installing: /home/ryosuke/ros2_ws/src/install/micro_ros_setup/./config/android
[1.096s] -- Installing: /home/ryosuke/ros2_ws/src/install/micro_ros_setup/./config/android/dev_uros_packages.repos
[1.097s] -- Installing: /home/ryosuke/ros2_ws/src/install/micro_ros_setup/./config/android/dev_ros2_packages.txt
[1.097s] -- Installing: /home/ryosuke/ros2_ws/src/install/micro_ros_setup/./config/android/generic
[1.097s] -- Installing: /home/ryosuke/ros2_ws/src/install/micro_ros_setup/./config/android/generic/package.xml
[1.097s] -- Installing: /home/ryosuke/ros2_ws/src/install/micro_ros_setup/./config/android/generic/client_uros_packages.repos
[1.097s] -- Installing: /home/ryosuke/ros2_ws/src/install/micro_ros_setup/./config/android/generic/flash.sh
[1.097s] -- Installing: /home/ryosuke/ros2_ws/src/install/micro_ros_setup/./config/android/generic/create.sh
[1.097s] -- Installing: /home/ryosuke/ros2_ws/src/install/micro_ros_setup/./config/android/generic/client-colcon.meta
[1.097s] -- Installing: /home/ryosuke/ros2_ws/src/install/micro_ros_setup/./config/android/generic/build.sh
[1.097s] -- Installing: /home/ryosuke/ros2_ws/src/install/micro_ros_setup/./config/zephyr
[1.097s] -- Installing: /home/ryosuke/ros2_ws/src/install/micro_ros_setup/./config/zephyr/list_apps.sh
[1.097s] -- Installing: /home/ryosuke/ros2_ws/src/install/micro_ros_setup/./config/zephyr/dev_uros_packages.repos
[1.097s] -- Installing: /home/ryosuke/ros2_ws/src/install/micro_ros_setup/./config/zephyr/dev_ros2_packages.txt
[1.097s] -- Installing: /home/ryosuke/ros2_ws/src/install/micro_ros_setup/./config/zephyr/generic
[1.097s] -- Installing: /home/ryosuke/ros2_ws/src/install/micro_ros_setup/./config/zephyr/generic/supported_platforms
[1.097s] -- Installing: /home/ryosuke/ros2_ws/src/install/micro_ros_setup/./config/zephyr/generic/package.xml
[1.098s] -- Installing: /home/ryosuke/ros2_ws/src/install/micro_ros_setup/./config/zephyr/generic/configure.sh
[1.098s] -- Installing: /home/ryosuke/ros2_ws/src/install/micro_ros_setup/./config/zephyr/generic/client_uros_packages.repos
[1.098s] -- Installing: /home/ryosuke/ros2_ws/src/install/micro_ros_setup/./config/zephyr/generic/flash.sh
[1.098s] -- Installing: /home/ryosuke/ros2_ws/src/install/micro_ros_setup/./config/zephyr/generic/board.repos
[1.098s] -- Installing: /home/ryosuke/ros2_ws/src/install/micro_ros_setup/./config/zephyr/generic/create.sh
[1.098s] -- Installing: /home/ryosuke/ros2_ws/src/install/micro_ros_setup/./config/zephyr/generic/client-colcon.meta
[1.098s] -- Installing: /home/ryosuke/ros2_ws/src/install/micro_ros_setup/./config/zephyr/generic/build.sh
[1.098s] -- Installing: /home/ryosuke/ros2_ws/src/install/micro_ros_setup/./config/renesas_ra
[1.098s] -- Installing: /home/ryosuke/ros2_ws/src/install/micro_ros_setup/./config/renesas_ra/ra6m5
[1.098s] -- Installing: /home/ryosuke/ros2_ws/src/install/micro_ros_setup/./config/renesas_ra/ra6m5/configure.sh
[1.098s] -- Installing: /home/ryosuke/ros2_ws/src/install/micro_ros_setup/./config/renesas_ra/ra6m5/client_uros_packages.repos
[1.098s] -- Installing: /home/ryosuke/ros2_ws/src/install/micro_ros_setup/./config/renesas_ra/ra6m5/flash.sh
[1.098s] -- Installing: /home/ryosuke/ros2_ws/src/install/micro_ros_setup/./config/renesas_ra/ra6m5/board.repos
[1.098s] -- Installing: /home/ryosuke/ros2_ws/src/install/micro_ros_setup/./config/renesas_ra/ra6m5/create.sh
[1.099s] -- Installing: /home/ryosuke/ros2_ws/src/install/micro_ros_setup/./config/renesas_ra/ra6m5/client-colcon.meta
[1.099s] -- Installing: /home/ryosuke/ros2_ws/src/install/micro_ros_setup/./config/renesas_ra/ra6m5/build.sh
[1.099s] -- Installing: /home/ryosuke/ros2_ws/src/install/micro_ros_setup/./config/renesas_ra/list_apps.sh
[1.099s] -- Installing: /home/ryosuke/ros2_ws/src/install/micro_ros_setup/./config/renesas_ra/dev_uros_packages.repos
[1.099s] -- Installing: /home/ryosuke/ros2_ws/src/install/micro_ros_setup/./config/renesas_ra/dev_ros2_packages.txt
[1.099s] -- Installing: /home/ryosuke/ros2_ws/src/install/micro_ros_setup/./config/raspbian
[1.099s] -- Installing: /home/ryosuke/ros2_ws/src/install/micro_ros_setup/./config/raspbian/dev_uros_packages.repos
[1.099s] -- Installing: /home/ryosuke/ros2_ws/src/install/micro_ros_setup/./config/raspbian/dev_ros2_packages.txt
[1.099s] -- Installing: /home/ryosuke/ros2_ws/src/install/micro_ros_setup/./config/raspbian/generic
[1.099s] -- Installing: /home/ryosuke/ros2_ws/src/install/micro_ros_setup/./config/raspbian/generic/supported_platforms
[1.099s] -- Installing: /home/ryosuke/ros2_ws/src/install/micro_ros_setup/./config/raspbian/generic/configure.sh
[1.100s] -- Installing: /home/ryosuke/ros2_ws/src/install/micro_ros_setup/./config/raspbian/generic/client_uros_packages.repos
[1.100s] -- Installing: /home/ryosuke/ros2_ws/src/install/micro_ros_setup/./config/raspbian/generic/flash.sh
[1.100s] -- Installing: /home/ryosuke/ros2_ws/src/install/micro_ros_setup/./config/raspbian/generic/create.sh
[1.100s] -- Installing: /home/ryosuke/ros2_ws/src/install/micro_ros_setup/./config/raspbian/generic/client-colcon.meta
[1.100s] -- Installing: /home/ryosuke/ros2_ws/src/install/micro_ros_setup/./config/raspbian/generic/build.sh
[1.100s] -- Installing: /home/ryosuke/ros2_ws/src/install/micro_ros_setup/./config/freertos
[1.100s] -- Installing: /home/ryosuke/ros2_ws/src/install/micro_ros_setup/./config/freertos/list_apps.sh
[1.100s] -- Installing: /home/ryosuke/ros2_ws/src/install/micro_ros_setup/./config/freertos/nucleo_f746zg
[1.100s] -- Installing: /home/ryosuke/ros2_ws/src/install/micro_ros_setup/./config/freertos/nucleo_f746zg/package.xml
[1.100s] -- Installing: /home/ryosuke/ros2_ws/src/install/micro_ros_setup/./config/freertos/nucleo_f746zg/configure.sh
[1.100s] -- Installing: /home/ryosuke/ros2_ws/src/install/micro_ros_setup/./config/freertos/nucleo_f746zg/client_uros_packages.repos
[1.100s] -- Installing: /home/ryosuke/ros2_ws/src/install/micro_ros_setup/./config/freertos/nucleo_f746zg/flash.sh
[1.100s] -- Installing: /home/ryosuke/ros2_ws/src/install/micro_ros_setup/./config/freertos/nucleo_f746zg/board.repos
[1.100s] -- Installing: /home/ryosuke/ros2_ws/src/install/micro_ros_setup/./config/freertos/nucleo_f746zg/create.sh
[1.101s] -- Installing: /home/ryosuke/ros2_ws/src/install/micro_ros_setup/./config/freertos/nucleo_f746zg/client-colcon.meta
[1.101s] -- Installing: /home/ryosuke/ros2_ws/src/install/micro_ros_setup/./config/freertos/nucleo_f746zg/build.sh
[1.101s] -- Installing: /home/ryosuke/ros2_ws/src/install/micro_ros_setup/./config/freertos/nucleo_f446re
[1.101s] -- Installing: /home/ryosuke/ros2_ws/src/install/micro_ros_setup/./config/freertos/nucleo_f446re/package.xml
[1.101s] -- Installing: /home/ryosuke/ros2_ws/src/install/micro_ros_setup/./config/freertos/nucleo_f446re/configure.sh
[1.101s] -- Installing: /home/ryosuke/ros2_ws/src/install/micro_ros_setup/./config/freertos/nucleo_f446re/client_uros_packages.repos
[1.101s] -- Installing: /home/ryosuke/ros2_ws/src/install/micro_ros_setup/./config/freertos/nucleo_f446re/flash.sh
[1.101s] -- Installing: /home/ryosuke/ros2_ws/src/install/micro_ros_setup/./config/freertos/nucleo_f446re/board.repos
[1.101s] -- Installing: /home/ryosuke/ros2_ws/src/install/micro_ros_setup/./config/freertos/nucleo_f446re/create.sh
[1.101s] -- Installing: /home/ryosuke/ros2_ws/src/install/micro_ros_setup/./config/freertos/nucleo_f446re/client-colcon.meta
[1.101s] -- Installing: /home/ryosuke/ros2_ws/src/install/micro_ros_setup/./config/freertos/nucleo_f446re/build.sh
[1.101s] -- Installing: /home/ryosuke/ros2_ws/src/install/micro_ros_setup/./config/freertos/olimex-stm32-e407
[1.101s] -- Installing: /home/ryosuke/ros2_ws/src/install/micro_ros_setup/./config/freertos/olimex-stm32-e407/package.xml
[1.101s] -- Installing: /home/ryosuke/ros2_ws/src/install/micro_ros_setup/./config/freertos/olimex-stm32-e407/configure.sh
[1.101s] -- Installing: /home/ryosuke/ros2_ws/src/install/micro_ros_setup/./config/freertos/olimex-stm32-e407/client_uros_packages.repos
[1.102s] -- Installing: /home/ryosuke/ros2_ws/src/install/micro_ros_setup/./config/freertos/olimex-stm32-e407/flash.sh
[1.102s] -- Installing: /home/ryosuke/ros2_ws/src/install/micro_ros_setup/./config/freertos/olimex-stm32-e407/board.repos
[1.102s] -- Installing: /home/ryosuke/ros2_ws/src/install/micro_ros_setup/./config/freertos/olimex-stm32-e407/create.sh
[1.102s] -- Installing: /home/ryosuke/ros2_ws/src/install/micro_ros_setup/./config/freertos/olimex-stm32-e407/client-colcon.meta
[1.102s] -- Installing: /home/ryosuke/ros2_ws/src/install/micro_ros_setup/./config/freertos/olimex-stm32-e407/build.sh
[1.102s] -- Installing: /home/ryosuke/ros2_ws/src/install/micro_ros_setup/./config/freertos/nucleo_f446ze
[1.102s] -- Installing: /home/ryosuke/ros2_ws/src/install/micro_ros_setup/./config/freertos/nucleo_f446ze/package.xml
[1.102s] -- Installing: /home/ryosuke/ros2_ws/src/install/micro_ros_setup/./config/freertos/nucleo_f446ze/configure.sh
[1.102s] -- Installing: /home/ryosuke/ros2_ws/src/install/micro_ros_setup/./config/freertos/nucleo_f446ze/client_uros_packages.repos
[1.102s] -- Installing: /home/ryosuke/ros2_ws/src/install/micro_ros_setup/./config/freertos/nucleo_f446ze/flash.sh
[1.102s] -- Installing: /home/ryosuke/ros2_ws/src/install/micro_ros_setup/./config/freertos/nucleo_f446ze/board.repos
[1.102s] -- Installing: /home/ryosuke/ros2_ws/src/install/micro_ros_setup/./config/freertos/nucleo_f446ze/create.sh
[1.102s] -- Installing: /home/ryosuke/ros2_ws/src/install/micro_ros_setup/./config/freertos/nucleo_f446ze/client-colcon.meta
[1.102s] -- Installing: /home/ryosuke/ros2_ws/src/install/micro_ros_setup/./config/freertos/nucleo_f446ze/build.sh
[1.103s] -- Installing: /home/ryosuke/ros2_ws/src/install/micro_ros_setup/./config/freertos/esp32
[1.103s] -- Installing: /home/ryosuke/ros2_ws/src/install/micro_ros_setup/./config/freertos/esp32/package.xml
[1.103s] -- Installing: /home/ryosuke/ros2_ws/src/install/micro_ros_setup/./config/freertos/esp32/configure.sh
[1.103s] -- Installing: /home/ryosuke/ros2_ws/src/install/micro_ros_setup/./config/freertos/esp32/client_uros_packages.repos
[1.103s] -- Installing: /home/ryosuke/ros2_ws/src/install/micro_ros_setup/./config/freertos/esp32/flash.sh
[1.103s] -- Installing: /home/ryosuke/ros2_ws/src/install/micro_ros_setup/./config/freertos/esp32/board.repos
[1.103s] -- Installing: /home/ryosuke/ros2_ws/src/install/micro_ros_setup/./config/freertos/esp32/create.sh
[1.103s] -- Installing: /home/ryosuke/ros2_ws/src/install/micro_ros_setup/./config/freertos/esp32/client-colcon.meta
[1.103s] -- Installing: /home/ryosuke/ros2_ws/src/install/micro_ros_setup/./config/freertos/esp32/build.sh
[1.103s] -- Installing: /home/ryosuke/ros2_ws/src/install/micro_ros_setup/./config/freertos/esp32/README.md
[1.103s] -- Installing: /home/ryosuke/ros2_ws/src/install/micro_ros_setup/./config/freertos/crazyflie21
[1.103s] -- Installing: /home/ryosuke/ros2_ws/src/install/micro_ros_setup/./config/freertos/crazyflie21/package.xml
[1.103s] -- Installing: /home/ryosuke/ros2_ws/src/install/micro_ros_setup/./config/freertos/crazyflie21/configure.sh
[1.104s] -- Installing: /home/ryosuke/ros2_ws/src/install/micro_ros_setup/./config/freertos/crazyflie21/client_uros_packages.repos
[1.104s] -- Installing: /home/ryosuke/ros2_ws/src/install/micro_ros_setup/./config/freertos/crazyflie21/flash.sh
[1.104s] -- Installing: /home/ryosuke/ros2_ws/src/install/micro_ros_setup/./config/freertos/crazyflie21/board.repos
[1.104s] -- Installing: /home/ryosuke/ros2_ws/src/install/micro_ros_setup/./config/freertos/crazyflie21/create.sh
[1.104s] -- Installing: /home/ryosuke/ros2_ws/src/install/micro_ros_setup/./config/freertos/crazyflie21/client-colcon.meta
[1.104s] -- Installing: /home/ryosuke/ros2_ws/src/install/micro_ros_setup/./config/freertos/crazyflie21/build.sh
[1.104s] -- Installing: /home/ryosuke/ros2_ws/src/install/micro_ros_setup/./config/freertos/nucleo_f767zi
[1.104s] -- Installing: /home/ryosuke/ros2_ws/src/install/micro_ros_setup/./config/freertos/nucleo_f767zi/package.xml
[1.104s] -- Installing: /home/ryosuke/ros2_ws/src/install/micro_ros_setup/./config/freertos/nucleo_f767zi/configure.sh
[1.104s] -- Installing: /home/ryosuke/ros2_ws/src/install/micro_ros_setup/./config/freertos/nucleo_f767zi/client_uros_packages.repos
[1.104s] -- Installing: /home/ryosuke/ros2_ws/src/install/micro_ros_setup/./config/freertos/nucleo_f767zi/flash.sh
[1.104s] -- Installing: /home/ryosuke/ros2_ws/src/install/micro_ros_setup/./config/freertos/nucleo_f767zi/board.repos
[1.104s] -- Installing: /home/ryosuke/ros2_ws/src/install/micro_ros_setup/./config/freertos/nucleo_f767zi/create.sh
[1.104s] -- Installing: /home/ryosuke/ros2_ws/src/install/micro_ros_setup/./config/freertos/nucleo_f767zi/client-colcon.meta
[1.104s] -- Installing: /home/ryosuke/ros2_ws/src/install/micro_ros_setup/./config/freertos/nucleo_f767zi/build.sh
[1.105s] -- Installing: /home/ryosuke/ros2_ws/src/install/micro_ros_setup/./config/freertos/dev_uros_packages.repos
[1.105s] -- Installing: /home/ryosuke/ros2_ws/src/install/micro_ros_setup/./config/freertos/dev_ros2_packages.txt
[1.105s] -- Installing: /home/ryosuke/ros2_ws/src/install/micro_ros_setup/./config/host
[1.105s] -- Installing: /home/ryosuke/ros2_ws/src/install/micro_ros_setup/./config/host/client_ros2_packages.txt
[1.105s] -- Installing: /home/ryosuke/ros2_ws/src/install/micro_ros_setup/./config/host/dev_uros_packages.repos
[1.105s] -- Installing: /home/ryosuke/ros2_ws/src/install/micro_ros_setup/./config/host/dev_ros2_packages.txt
[1.105s] -- Installing: /home/ryosuke/ros2_ws/src/install/micro_ros_setup/./config/host/generic
[1.105s] -- Installing: /home/ryosuke/ros2_ws/src/install/micro_ros_setup/./config/host/generic/package.xml
[1.105s] -- Installing: /home/ryosuke/ros2_ws/src/install/micro_ros_setup/./config/host/generic/flash.sh
[1.105s] -- Installing: /home/ryosuke/ros2_ws/src/install/micro_ros_setup/./config/host/generic/create.sh
[1.105s] -- Installing: /home/ryosuke/ros2_ws/src/install/micro_ros_setup/./config/host/generic/client_host_packages.repos
[1.105s] -- Installing: /home/ryosuke/ros2_ws/src/install/micro_ros_setup/./config/host/generic/build.sh
[1.106s] -- Installing: /home/ryosuke/ros2_ws/src/install/micro_ros_setup/./config/host/generic/client-host-colcon.meta
[1.106s] -- Installing: /home/ryosuke/ros2_ws/src/install/micro_ros_setup/lib/micro_ros_setup/create_ws.sh
[1.106s] -- Installing: /home/ryosuke/ros2_ws/src/install/micro_ros_setup/lib/micro_ros_setup/create_agent_ws.sh
[1.106s] -- Installing: /home/ryosuke/ros2_ws/src/install/micro_ros_setup/lib/micro_ros_setup/create_firmware_ws.sh
[1.106s] -- Installing: /home/ryosuke/ros2_ws/src/install/micro_ros_setup/lib/micro_ros_setup/configure_firmware.sh
[1.106s] -- Installing: /home/ryosuke/ros2_ws/src/install/micro_ros_setup/lib/micro_ros_setup/flash_firmware.sh
[1.106s] -- Installing: /home/ryosuke/ros2_ws/src/install/micro_ros_setup/lib/micro_ros_setup/build_firmware.sh
[1.106s] -- Installing: /home/ryosuke/ros2_ws/src/install/micro_ros_setup/lib/micro_ros_setup/build_agent.sh
[1.106s] -- Installing: /home/ryosuke/ros2_ws/src/install/micro_ros_setup/lib/micro_ros_setup/yaml_filter.py
[1.106s] -- Installing: /home/ryosuke/ros2_ws/src/install/micro_ros_setup/lib/micro_ros_setup/clean_env.sh
[1.106s] -- Installing: /home/ryosuke/ros2_ws/src/install/micro_ros_setup/lib/micro_ros_setup/component
[1.110s] Invoked command in '/home/ryosuke/ros2_ws/src/build/micro_ros_setup' returned '0': CMAKE_PREFIX_PATH=${CMAKE_PREFIX_PATH}:/home/ryosuke/ros2_ws/install/self_area_publish:/home/ryosuke/ros2_ws/install/jetracer_run:/home/ryosuke/ros2_ws/install/kalmanfilter:/opt/ros/humble /usr/bin/cmake --install /home/ryosuke/ros2_ws/src/build/micro_ros_setup
