[1.472s] Invoking command in '/home/ryosuke/ros2_ws/src/self_area_publish': PYTHONPATH=/home/ryosuke/ros2_ws/src/build/self_area_publish/prefix_override:/usr/lib/python3/dist-packages/colcon_core/task/python/colcon_distutils_commands:/home/ryosuke/ros2_ws/src/install/self_area_publish/lib/python3.10/site-packages:${PYTHONPATH} /usr/bin/python3 -W ignore:setup.py install is deprecated -W ignore:easy_install command is deprecated setup.py egg_info --egg-base ../build/self_area_publish build --build-base /home/ryosuke/ros2_ws/src/build/self_area_publish/build install --record /home/ryosuke/ros2_ws/src/build/self_area_publish/install.log --single-version-externally-managed install_data
[1.643s] running egg_info
[1.643s] writing ../build/self_area_publish/self_area_publish.egg-info/PKG-INFO
[1.644s] writing dependency_links to ../build/self_area_publish/self_area_publish.egg-info/dependency_links.txt
[1.644s] writing entry points to ../build/self_area_publish/self_area_publish.egg-info/entry_points.txt
[1.644s] writing requirements to ../build/self_area_publish/self_area_publish.egg-info/requires.txt
[1.644s] writing top-level names to ../build/self_area_publish/self_area_publish.egg-info/top_level.txt
[1.645s] reading manifest file '../build/self_area_publish/self_area_publish.egg-info/SOURCES.txt'
[1.646s] writing manifest file '../build/self_area_publish/self_area_publish.egg-info/SOURCES.txt'
[1.646s] running build
[1.646s] running build_py
[1.646s] running install
[1.646s] running install_lib
[1.647s] running install_data
[1.647s] running install_egg_info
[1.648s] removing '/home/ryosuke/ros2_ws/src/install/self_area_publish/lib/python3.10/site-packages/self_area_publish-0.0.0-py3.10.egg-info' (and everything under it)
[1.649s] Copying ../build/self_area_publish/self_area_publish.egg-info to /home/ryosuke/ros2_ws/src/install/self_area_publish/lib/python3.10/site-packages/self_area_publish-0.0.0-py3.10.egg-info
[1.649s] running install_scripts
[1.667s] Installing self_area_pub script to /home/ryosuke/ros2_ws/src/install/self_area_publish/lib/self_area_publish
[1.667s] writing list of installed files to '/home/ryosuke/ros2_ws/src/build/self_area_publish/install.log'
[1.738s] Invoked command in '/home/ryosuke/ros2_ws/src/self_area_publish' returned '0': PYTHONPATH=/home/ryosuke/ros2_ws/src/build/self_area_publish/prefix_override:/usr/lib/python3/dist-packages/colcon_core/task/python/colcon_distutils_commands:/home/ryosuke/ros2_ws/src/install/self_area_publish/lib/python3.10/site-packages:${PYTHONPATH} /usr/bin/python3 -W ignore:setup.py install is deprecated -W ignore:easy_install command is deprecated setup.py egg_info --egg-base ../build/self_area_publish build --build-base /home/ryosuke/ros2_ws/src/build/self_area_publish/build install --record /home/ryosuke/ros2_ws/src/build/self_area_publish/install.log --single-version-externally-managed install_data
